<?xml version="1.0" encoding="UTF-8"?>
<testng-results ignored="0" total="1" passed="1" failed="0" skipped="0">
  <reporter-output>
  </reporter-output>
  <suite started-at="2025-02-12T23:34:54 IST" name="Default suite" finished-at="2025-02-12T23:36:12 IST" duration-ms="77568">
    <groups>
    </groups>
    <test started-at="2025-02-12T23:34:54 IST" name="Default test" finished-at="2025-02-12T23:36:12 IST" duration-ms="77568">
      <class name="com.qa.amexassesment.tests.AmexFRCreditCardApplicationTest">
        <test-method is-config="true" signature="setup(java.lang.String)[pri:0, instance:com.qa.amexassesment.tests.AmexFRCreditCardApplicationTest@53499d85]" started-at="2025-02-12T23:34:54 IST" name="setup" finished-at="2025-02-12T23:35:11 IST" duration-ms="16884" status="PASS">
          <params>
            <param index="0">
              <value>
                <![CDATA[chrome]]>
              </value>
            </param>
          </params>
          <reporter-output>
          </reporter-output>
        </test-method> <!-- setup -->
        <test-method is-config="true" signature="setUp()[pri:0, instance:com.qa.amexassesment.tests.AmexFRCreditCardApplicationTest@53499d85]" started-at="2025-02-12T23:35:11 IST" name="setUp" finished-at="2025-02-12T23:35:11 IST" duration-ms="0" status="PASS">
          <reporter-output>
          </reporter-output>
        </test-method> <!-- setUp -->
        <test-method signature="testCreditCardApplicationFlow()[pri:0, instance:com.qa.amexassesment.tests.AmexFRCreditCardApplicationTest@53499d85]" started-at="2025-02-12T23:35:11 IST" name="testCreditCardApplicationFlow" finished-at="2025-02-12T23:36:11 IST" duration-ms="60080" status="PASS">
          <reporter-output>
          </reporter-output>
        </test-method> <!-- testCreditCardApplicationFlow -->
        <test-method is-config="true" signature="tearDown()[pri:0, instance:com.qa.amexassesment.tests.AmexFRCreditCardApplicationTest@53499d85]" started-at="2025-02-12T23:36:11 IST" name="tearDown" finished-at="2025-02-12T23:36:12 IST" duration-ms="575" status="PASS">
          <reporter-output>
          </reporter-output>
        </test-method> <!-- tearDown -->
      </class> <!-- com.qa.amexassesment.tests.AmexFRCreditCardApplicationTest -->
    </test> <!-- Default test -->
  </suite> <!-- Default suite -->
</testng-results>
