<?xml version="1.0" encoding="UTF-8"?>
<!-- Generated by org.testng.reporters.JUnitXMLReporter -->
<testsuite ignored="0" hostname="Shabbu-HPLap" failures="0" tests="1" name="testCreditCardApplicationFlow_Chrome" time="274.702" errors="0" timestamp="2025-02-12T23:13:24 IST">
  <testcase classname="com.qa.amexassesment.tests.AmexFRCreditCardApplicationTest" name="@BeforeClass setUp" time="0.004">
    <failure type="java.lang.RuntimeException" message="Failed to read Excel file: src/test/resources/testdata.xlsx">
      <![CDATA[java.lang.RuntimeException: Failed to read Excel file: src/test/resources/testdata.xlsx
at com.qa.amexassesement.utils.ExcelReader.readTestData(ExcelReader.java:62)
at com.qa.amexassesment.tests.AmexFRCreditCardApplicationTest.setUp(AmexFRCreditCardApplicationTest.java:20)
at java.base/jdk.internal.reflect.NativeMethodAccessorImpl.invoke0(Native Method)
at java.base/jdk.internal.reflect.NativeMethodAccessorImpl.invoke(NativeMethodAccessorImpl.java:62)
at java.base/jdk.internal.reflect.DelegatingMethodAccessorImpl.invoke(DelegatingMethodAccessorImpl.java:43)
at java.base/java.lang.reflect.Method.invoke(Method.java:566)
at org.testng.internal.MethodInvocationHelper.invokeMethod(MethodInvocationHelper.java:133)
at org.testng.internal.MethodInvocationHelper.invokeMethodConsideringTimeout(MethodInvocationHelper.java:62)
at org.testng.internal.ConfigInvoker.invokeConfigurationMethod(ConfigInvoker.java:385)
at org.testng.internal.ConfigInvoker.invokeConfigurations(ConfigInvoker.java:321)
at org.testng.internal.TestMethodWorker.invokeBeforeClassMethods(TestMethodWorker.java:176)
at org.testng.internal.TestMethodWorker.run(TestMethodWorker.java:122)
at java.base/java.util.ArrayList.forEach(ArrayList.java:1541)
at org.testng.TestRunner.privateRun(TestRunner.java:794)
at org.testng.TestRunner.run(TestRunner.java:596)
at org.testng.SuiteRunner.runTest(SuiteRunner.java:377)
at org.testng.SuiteRunner.access$000(SuiteRunner.java:28)
at org.testng.SuiteRunner$SuiteWorker.run(SuiteRunner.java:418)
at org.testng.internal.thread.ThreadUtil.lambda$execute$0(ThreadUtil.java:64)
at java.base/java.util.concurrent.FutureTask.run(FutureTask.java:264)
at java.base/java.util.concurrent.ThreadPoolExecutor.runWorker(ThreadPoolExecutor.java:1128)
at java.base/java.util.concurrent.ThreadPoolExecutor$Worker.run(ThreadPoolExecutor.java:628)
at java.base/java.lang.Thread.run(Thread.java:834)
Caused by: java.io.FileNotFoundException: src\test\resources\testdata.xlsx (The system cannot find the file specified)
at java.base/java.io.FileInputStream.open0(Native Method)
at java.base/java.io.FileInputStream.open(FileInputStream.java:219)
at java.base/java.io.FileInputStream.<init>(FileInputStream.java:157)
at com.qa.amexassesement.utils.ExcelReader.readTestData(ExcelReader.java:33)
... 22 more
]]>
    </failure>
  </testcase> <!-- @BeforeClass setUp -->
  <testcase classname="com.qa.amexassesment.Base.BaseTest" name="@AfterTest tearDown" time="-1.739382204131E9">
    <skipped/>
  </testcase> <!-- @AfterTest tearDown -->
  <testcase classname="com.qa.amexassesment.tests.AmexFRCreditCardApplicationTest" name="testCreditCardApplicationFlow" time="0.0">
    <skipped/>
  </testcase> <!-- testCreditCardApplicationFlow -->
</testsuite> <!-- testCreditCardApplicationFlow_Chrome -->
